<?xml version="1.0" encoding="UTF-8"?>
<testsuite name="couch.exhibition.ExhibitionApplicationTests" tests="1" skipped="0" failures="0" errors="0" timestamp="2022-02-28T12:28:14" hostname="DESKTOP-F8JVFNI" time="0.4">
  <properties/>
  <testcase name="contextLoads()" classname="couch.exhibition.ExhibitionApplicationTests" time="0.4"/>
  <system-out><![CDATA[21:27:49.246 [Test worker] DEBUG org.springframework.test.context.BootstrapUtils - Instantiating CacheAwareContextLoaderDelegate from class [org.springframework.test.context.cache.DefaultCacheAwareContextLoaderDelegate]
21:27:49.264 [Test worker] DEBUG org.springframework.test.context.BootstrapUtils - Instantiating BootstrapContext using constructor [public org.springframework.test.context.support.DefaultBootstrapContext(java.lang.Class,org.springframework.test.context.CacheAwareContextLoaderDelegate)]
21:27:49.322 [Test worker] DEBUG org.springframework.test.context.BootstrapUtils - Instantiating TestContextBootstrapper for test class [couch.exhibition.ExhibitionApplicationTests] from class [org.springframework.boot.test.context.SpringBootTestContextBootstrapper]
21:27:49.343 [Test worker] INFO org.springframework.boot.test.context.SpringBootTestContextBootstrapper - Neither @ContextConfiguration nor @ContextHierarchy found for test class [couch.exhibition.ExhibitionApplicationTests], using SpringBootContextLoader
21:27:49.350 [Test worker] DEBUG org.springframework.test.context.support.AbstractContextLoader - Did not detect default resource location for test class [couch.exhibition.ExhibitionApplicationTests]: class path resource [couch/exhibition/ExhibitionApplicationTests-context.xml] does not exist
21:27:49.351 [Test worker] DEBUG org.springframework.test.context.support.AbstractContextLoader - Did not detect default resource location for test class [couch.exhibition.ExhibitionApplicationTests]: class path resource [couch/exhibition/ExhibitionApplicationTestsContext.groovy] does not exist
21:27:49.351 [Test worker] INFO org.springframework.test.context.support.AbstractContextLoader - Could not detect default resource locations for test class [couch.exhibition.ExhibitionApplicationTests]: no resource found for suffixes {-context.xml, Context.groovy}.
21:27:49.352 [Test worker] INFO org.springframework.test.context.support.AnnotationConfigContextLoaderUtils - Could not detect default configuration classes for test class [couch.exhibition.ExhibitionApplicationTests]: ExhibitionApplicationTests does not declare any static, non-private, non-final, nested classes annotated with @Configuration.
21:27:49.430 [Test worker] DEBUG org.springframework.test.context.support.ActiveProfilesUtils - Could not find an 'annotation declaring class' for annotation type [org.springframework.test.context.ActiveProfiles] and class [couch.exhibition.ExhibitionApplicationTests]
21:27:49.589 [Test worker] DEBUG org.springframework.context.annotation.ClassPathScanningCandidateComponentProvider - Identified candidate component class: file [C:\exhibition\6th-exhibition-be\build\classes\java\main\couch\exhibition\ExhibitionApplication.class]
21:27:49.591 [Test worker] INFO org.springframework.boot.test.context.SpringBootTestContextBootstrapper - Found @SpringBootConfiguration couch.exhibition.ExhibitionApplication for test class couch.exhibition.ExhibitionApplicationTests
21:27:49.789 [Test worker] DEBUG org.springframework.boot.test.context.SpringBootTestContextBootstrapper - @TestExecutionListeners is not present for class [couch.exhibition.ExhibitionApplicationTests]: using defaults.
21:27:49.790 [Test worker] INFO org.springframework.boot.test.context.SpringBootTestContextBootstrapper - Loaded default TestExecutionListener class names from location [META-INF/spring.factories]: [org.springframework.security.test.context.support.WithSecurityContextTestExecutionListener, org.springframework.security.test.context.support.ReactorContextTestExecutionListener, org.springframework.boot.test.autoconfigure.restdocs.RestDocsTestExecutionListener, org.springframework.boot.test.autoconfigure.web.client.MockRestServiceServerResetTestExecutionListener, org.springframework.boot.test.autoconfigure.web.servlet.MockMvcPrintOnlyOnFailureTestExecutionListener, org.springframework.boot.test.autoconfigure.web.servlet.WebDriverTestExecutionListener, org.springframework.boot.test.autoconfigure.webservices.client.MockWebServiceServerTestExecutionListener, org.springframework.boot.test.mock.mockito.MockitoTestExecutionListener, org.springframework.boot.test.mock.mockito.ResetMocksTestExecutionListener, org.springframework.test.context.web.ServletTestExecutionListener, org.springframework.test.context.support.DirtiesContextBeforeModesTestExecutionListener, org.springframework.test.context.event.ApplicationEventsTestExecutionListener, org.springframework.test.context.support.DependencyInjectionTestExecutionListener, org.springframework.test.context.support.DirtiesContextTestExecutionListener, org.springframework.test.context.transaction.TransactionalTestExecutionListener, org.springframework.test.context.jdbc.SqlScriptsTestExecutionListener, org.springframework.test.context.event.EventPublishingTestExecutionListener]
21:27:49.820 [Test worker] INFO org.springframework.boot.test.context.SpringBootTestContextBootstrapper - Using TestExecutionListeners: [org.springframework.test.context.web.ServletTestExecutionListener@3ee39da0, org.springframework.test.context.support.DirtiesContextBeforeModesTestExecutionListener@5d332969, org.springframework.test.context.event.ApplicationEventsTestExecutionListener@7cc9ce8, org.springframework.boot.test.mock.mockito.MockitoTestExecutionListener@2e27d72f, org.springframework.boot.test.autoconfigure.SpringBootDependencyInjectionTestExecutionListener@c0b41d6, org.springframework.test.context.support.DirtiesContextTestExecutionListener@4837595f, org.springframework.test.context.transaction.TransactionalTestExecutionListener@2bffa76d, org.springframework.test.context.jdbc.SqlScriptsTestExecutionListener@3b718392, org.springframework.security.test.context.support.WithSecurityContextTestExecutionListener@6d2260db, org.springframework.test.context.event.EventPublishingTestExecutionListener@1f2d2181, org.springframework.security.test.context.support.ReactorContextTestExecutionListener@49bf29c6, org.springframework.boot.test.autoconfigure.restdocs.RestDocsTestExecutionListener@7ee55e70, org.springframework.boot.test.autoconfigure.web.client.MockRestServiceServerResetTestExecutionListener@3fcdcf, org.springframework.boot.test.autoconfigure.web.servlet.MockMvcPrintOnlyOnFailureTestExecutionListener@7668d560, org.springframework.boot.test.autoconfigure.web.servlet.WebDriverTestExecutionListener@46292372, org.springframework.boot.test.autoconfigure.webservices.client.MockWebServiceServerTestExecutionListener@126be319, org.springframework.boot.test.mock.mockito.ResetMocksTestExecutionListener@6c44052e]
21:27:49.829 [Test worker] DEBUG org.springframework.test.context.support.AbstractDirtiesContextTestExecutionListener - Before test class: context [DefaultTestContext@6979efad testClass = ExhibitionApplicationTests, testInstance = [null], testMethod = [null], testException = [null], mergedContextConfiguration = [WebMergedContextConfiguration@5a6d5a8f testClass = ExhibitionApplicationTests, locations = '{}', classes = '{class couch.exhibition.ExhibitionApplication}', contextInitializerClasses = '[]', activeProfiles = '{}', propertySourceLocations = '{}', propertySourceProperties = '{org.springframework.boot.test.context.SpringBootTestContextBootstrapper=true}', contextCustomizers = set[org.springframework.boot.test.autoconfigure.actuate.metrics.MetricsExportContextCustomizerFactory$DisableMetricExportContextCustomizer@630cb4a4, org.springframework.boot.test.autoconfigure.properties.PropertyMappingContextCustomizer@0, org.springframework.boot.test.autoconfigure.web.servlet.WebDriverContextCustomizerFactory$Customizer@2b43529a, org.springframework.boot.test.context.filter.ExcludeFilterContextCustomizer@c260bdc, org.springframework.boot.test.json.DuplicateJsonObjectContextCustomizerFactory$DuplicateJsonObjectContextCustomizer@76f7d241, org.springframework.boot.test.mock.mockito.MockitoContextCustomizer@0, org.springframework.boot.test.web.client.TestRestTemplateContextCustomizer@3234f74e, org.springframework.boot.test.context.SpringBootTestArgs@1, org.springframework.boot.test.context.SpringBootTestWebEnvironment@4b5189ac], resourceBasePath = 'src/main/webapp', contextLoader = 'org.springframework.boot.test.context.SpringBootContextLoader', parent = [null]], attributes = map['org.springframework.test.context.web.ServletTestExecutionListener.activateListener' -> true]], class annotated with @DirtiesContext [false] with mode [null].

  .   ____          _            __ _ _
 /\\ / ___'_ __ _ _(_)_ __  __ _ \ \ \ \
( ( )\___ | '_ | '_| | '_ \/ _` | \ \ \ \
 \\/  ___)| |_)| | | | | || (_| |  ) ) ) )
  '  |____| .__|_| |_|_| |_\__, | / / / /
 =========|_|==============|___/=/_/_/_/
 :: Spring Boot ::                (v2.6.3)

2022-02-28 21:27:50.419  WARN 19316 --- [    Test worker] ory$DuplicateJsonObjectContextCustomizer : 

Found multiple occurrences of org.json.JSONObject on the class path:

	jar:file:/C:/Users/tnwls/.gradle/caches/modules-2/files-2.1/org.json/json/20211205/47032dcf2f69880f07dab3dc60b4b0ad97318308/json-20211205.jar!/org/json/JSONObject.class
	jar:file:/C:/Users/tnwls/.gradle/caches/modules-2/files-2.1/com.vaadin.external.google/android-json/0.0.20131108.vaadin1/fa26d351fe62a6a17f5cda1287c1c6110dec413f/android-json-0.0.20131108.vaadin1.jar!/org/json/JSONObject.class

You may wish to exclude one of them to ensure predictable runtime behavior

2022-02-28 21:27:50.444  INFO 19316 --- [    Test worker] c.exhibition.ExhibitionApplicationTests  : Starting ExhibitionApplicationTests using Java 11.0.13 on DESKTOP-F8JVFNI with PID 19316 (started by tnwls in C:\exhibition\6th-exhibition-be)
2022-02-28 21:27:50.445  INFO 19316 --- [    Test worker] c.exhibition.ExhibitionApplicationTests  : The following profiles are active: develop
2022-02-28 21:27:52.455  INFO 19316 --- [    Test worker] .s.d.r.c.RepositoryConfigurationDelegate : Bootstrapping Spring Data JPA repositories in DEFAULT mode.
2022-02-28 21:27:52.703  INFO 19316 --- [    Test worker] .s.d.r.c.RepositoryConfigurationDelegate : Finished Spring Data repository scanning in 225 ms. Found 4 JPA repository interfaces.
2022-02-28 21:27:54.698  INFO 19316 --- [    Test worker] o.hibernate.jpa.internal.util.LogHelper  : HHH000204: Processing PersistenceUnitInfo [name: default]
2022-02-28 21:27:54.839  INFO 19316 --- [    Test worker] org.hibernate.Version                    : HHH000412: Hibernate ORM core version 5.6.4.Final
2022-02-28 21:27:55.224  INFO 19316 --- [    Test worker] o.hibernate.annotations.common.Version   : HCANN000001: Hibernate Commons Annotations {5.1.2.Final}
2022-02-28 21:27:55.457  INFO 19316 --- [    Test worker] com.zaxxer.hikari.HikariDataSource       : HikariPool-1 - Starting...
2022-02-28 21:27:58.317  INFO 19316 --- [    Test worker] com.zaxxer.hikari.HikariDataSource       : HikariPool-1 - Start completed.
2022-02-28 21:27:58.370  INFO 19316 --- [    Test worker] org.hibernate.dialect.Dialect            : HHH000400: Using dialect: org.hibernate.dialect.PostgreSQL10Dialect
2022-02-28 21:28:03.390  INFO 19316 --- [    Test worker] o.h.e.t.j.p.i.JtaPlatformInitiator       : HHH000490: Using JtaPlatform implementation: [org.hibernate.engine.transaction.jta.platform.internal.NoJtaPlatform]
2022-02-28 21:28:03.406  INFO 19316 --- [    Test worker] j.LocalContainerEntityManagerFactoryBean : Initialized JPA EntityManagerFactory for persistence unit 'default'
2022-02-28 21:28:04.445  WARN 19316 --- [    Test worker] JpaBaseConfiguration$JpaWebConfiguration : spring.jpa.open-in-view is enabled by default. Therefore, database queries may be performed during view rendering. Explicitly configure spring.jpa.open-in-view to disable this warning
2022-02-28 21:28:06.462  INFO 19316 --- [    Test worker] o.s.s.web.DefaultSecurityFilterChain     : Will secure Ant [pattern='/members', POST] with []
2022-02-28 21:28:06.463  INFO 19316 --- [    Test worker] o.s.s.web.DefaultSecurityFilterChain     : Will secure Ant [pattern='/'] with []
2022-02-28 21:28:06.464  INFO 19316 --- [    Test worker] o.s.s.web.DefaultSecurityFilterChain     : Will secure Ant [pattern='/resources/**'] with []
2022-02-28 21:28:06.464  INFO 19316 --- [    Test worker] o.s.s.web.DefaultSecurityFilterChain     : Will secure Ant [pattern='/index'] with []
2022-02-28 21:28:06.465  INFO 19316 --- [    Test worker] o.s.s.web.DefaultSecurityFilterChain     : Will secure Ant [pattern='/exhibitions/search/**'] with []
2022-02-28 21:28:06.465  INFO 19316 --- [    Test worker] o.s.s.web.DefaultSecurityFilterChain     : Will secure Ant [pattern='/exhibitions/**/viewAllReviews', GET] with []
2022-02-28 21:28:06.466  INFO 19316 --- [    Test worker] o.s.s.web.DefaultSecurityFilterChain     : Will secure Ant [pattern='/exhibitions/**/likes/count'] with []
2022-02-28 21:28:06.466  INFO 19316 --- [    Test worker] o.s.s.web.DefaultSecurityFilterChain     : Will secure Ant [pattern='/v3/api-docs'] with []
2022-02-28 21:28:06.466  INFO 19316 --- [    Test worker] o.s.s.web.DefaultSecurityFilterChain     : Will secure Ant [pattern='/configuration/ui'] with []
2022-02-28 21:28:06.466  INFO 19316 --- [    Test worker] o.s.s.web.DefaultSecurityFilterChain     : Will secure Ant [pattern='/swagger-resources/**'] with []
2022-02-28 21:28:06.466  INFO 19316 --- [    Test worker] o.s.s.web.DefaultSecurityFilterChain     : Will secure Ant [pattern='/configuration/security'] with []
2022-02-28 21:28:06.467  INFO 19316 --- [    Test worker] o.s.s.web.DefaultSecurityFilterChain     : Will secure Ant [pattern='/swagger-ui/index.html'] with []
2022-02-28 21:28:06.467  INFO 19316 --- [    Test worker] o.s.s.web.DefaultSecurityFilterChain     : Will secure Ant [pattern='/swagger-ui.html'] with []
2022-02-28 21:28:06.467  INFO 19316 --- [    Test worker] o.s.s.web.DefaultSecurityFilterChain     : Will secure Ant [pattern='/webjars/**'] with []
2022-02-28 21:28:06.467  INFO 19316 --- [    Test worker] o.s.s.web.DefaultSecurityFilterChain     : Will secure Ant [pattern='/swagger/**'] with []
2022-02-28 21:28:06.467  INFO 19316 --- [    Test worker] o.s.s.web.DefaultSecurityFilterChain     : Will secure Ant [pattern='/swagger-ui/**'] with []
2022-02-28 21:28:06.718  INFO 19316 --- [    Test worker] o.s.s.web.DefaultSecurityFilterChain     : Will secure any request with [org.springframework.security.web.context.request.async.WebAsyncManagerIntegrationFilter@5b784f16, org.springframework.security.web.context.SecurityContextPersistenceFilter@59c2bf78, org.springframework.security.web.header.HeaderWriterFilter@35e0d91e, org.springframework.security.web.authentication.logout.LogoutFilter@6bea0866, couch.exhibition.filter.JwtFilter@21143041, org.springframework.security.web.authentication.UsernamePasswordAuthenticationFilter@be56353, org.springframework.security.web.authentication.ui.DefaultLoginPageGeneratingFilter@1f13eabb, org.springframework.security.web.authentication.ui.DefaultLogoutPageGeneratingFilter@727b3b0, org.springframework.security.web.savedrequest.RequestCacheAwareFilter@5f9f1886, org.springframework.security.web.servletapi.SecurityContextHolderAwareRequestFilter@d140627, org.springframework.security.web.authentication.AnonymousAuthenticationFilter@611f28f5, org.springframework.security.web.session.SessionManagementFilter@7320bccc, org.springframework.security.web.access.ExceptionTranslationFilter@6cca70e3, org.springframework.security.web.access.intercept.FilterSecurityInterceptor@12d24c43]
2022-02-28 21:28:14.004  INFO 19316 --- [    Test worker] c.exhibition.ExhibitionApplicationTests  : Started ExhibitionApplicationTests in 24.119 seconds (JVM running for 26.793)
]]></system-out>
  <system-err><![CDATA[]]></system-err>
</testsuite>
